Determining if the pthread_create exist failed with the following output:
Change Dir: /home/swm/study/opencv/calibration/CMakeFiles/CMakeTmp

Run Build Command:"/usr/bin/make" "cmTC_23a48/fast"
/usr/bin/make -f CMakeFiles/cmTC_23a48.dir/build.make CMakeFiles/cmTC_23a48.dir/build
make[1]: Entering directory `/home/swm/study/opencv/calibration/CMakeFiles/CMakeTmp'
Building C object CMakeFiles/cmTC_23a48.dir/CheckSymbolExists.c.o
/usr/bin/cc    -fPIC    -o CMakeFiles/cmTC_23a48.dir/CheckSymbolExists.c.o   -c /home/swm/study/opencv/calibration/CMakeFiles/CMakeTmp/CheckSymbolExists.c
Linking C executable cmTC_23a48
/usr/bin/cmake -E cmake_link_script CMakeFiles/cmTC_23a48.dir/link.txt --verbose=1
/usr/bin/cc  -fPIC     CMakeFiles/cmTC_23a48.dir/CheckSymbolExists.c.o  -o cmTC_23a48 -rdynamic 
CMakeFiles/cmTC_23a48.dir/CheckSymbolExists.c.o: In function `main':
CheckSymbolExists.c:(.text+0x1b): undefined reference to `pthread_create'
collect2: error: ld returned 1 exit status
make[1]: *** [cmTC_23a48] Error 1
make[1]: Leaving directory `/home/swm/study/opencv/calibration/CMakeFiles/CMakeTmp'
make: *** [cmTC_23a48/fast] Error 2

File /home/swm/study/opencv/calibration/CMakeFiles/CMakeTmp/CheckSymbolExists.c:
/* */
#include <pthread.h>

int main(int argc, char** argv)
{
  (void)argv;
#ifndef pthread_create
  return ((int*)(&pthread_create))[argc];
#else
  (void)argc;
  return 0;
#endif
}

Determining if the function pthread_create exists in the pthreads failed with the following output:
Change Dir: /home/swm/study/opencv/calibration/CMakeFiles/CMakeTmp

Run Build Command:"/usr/bin/make" "cmTC_d5a2d/fast"
/usr/bin/make -f CMakeFiles/cmTC_d5a2d.dir/build.make CMakeFiles/cmTC_d5a2d.dir/build
make[1]: Entering directory `/home/swm/study/opencv/calibration/CMakeFiles/CMakeTmp'
Building C object CMakeFiles/cmTC_d5a2d.dir/CheckFunctionExists.c.o
/usr/bin/cc    -fPIC -DCHECK_FUNCTION_EXISTS=pthread_create   -o CMakeFiles/cmTC_d5a2d.dir/CheckFunctionExists.c.o   -c /usr/share/cmake-3.5/Modules/CheckFunctionExists.c
Linking C executable cmTC_d5a2d
/usr/bin/cmake -E cmake_link_script CMakeFiles/cmTC_d5a2d.dir/link.txt --verbose=1
/usr/bin/cc  -fPIC -DCHECK_FUNCTION_EXISTS=pthread_create    CMakeFiles/cmTC_d5a2d.dir/CheckFunctionExists.c.o  -o cmTC_d5a2d -rdynamic -lpthreads 
/usr/bin/ld: cannot find -lpthreads
collect2: error: ld returned 1 exit status
make[1]: *** [cmTC_d5a2d] Error 1
make[1]: Leaving directory `/home/swm/study/opencv/calibration/CMakeFiles/CMakeTmp'
make: *** [cmTC_d5a2d/fast] Error 2


