Determining if the pthread_create exist failed with the following output:
Change Dir: /home/swm/study/video/CMakeFiles/CMakeTmp

Run Build Command:"/usr/bin/make" "cmTC_0a9c1/fast"
/usr/bin/make -f CMakeFiles/cmTC_0a9c1.dir/build.make CMakeFiles/cmTC_0a9c1.dir/build
make[1]: Entering directory `/home/swm/study/video/CMakeFiles/CMakeTmp'
Building C object CMakeFiles/cmTC_0a9c1.dir/CheckSymbolExists.c.o
/usr/bin/cc    -fPIC    -o CMakeFiles/cmTC_0a9c1.dir/CheckSymbolExists.c.o   -c /home/swm/study/video/CMakeFiles/CMakeTmp/CheckSymbolExists.c
Linking C executable cmTC_0a9c1
/usr/bin/cmake -E cmake_link_script CMakeFiles/cmTC_0a9c1.dir/link.txt --verbose=1
/usr/bin/cc  -fPIC     CMakeFiles/cmTC_0a9c1.dir/CheckSymbolExists.c.o  -o cmTC_0a9c1 -rdynamic 
CMakeFiles/cmTC_0a9c1.dir/CheckSymbolExists.c.o: In function `main':
CheckSymbolExists.c:(.text+0x1b): undefined reference to `pthread_create'
collect2: error: ld returned 1 exit status
make[1]: *** [cmTC_0a9c1] Error 1
make[1]: Leaving directory `/home/swm/study/video/CMakeFiles/CMakeTmp'
make: *** [cmTC_0a9c1/fast] Error 2

File /home/swm/study/video/CMakeFiles/CMakeTmp/CheckSymbolExists.c:
/* */
#include <pthread.h>

int main(int argc, char** argv)
{
  (void)argv;
#ifndef pthread_create
  return ((int*)(&pthread_create))[argc];
#else
  (void)argc;
  return 0;
#endif
}

Determining if the function pthread_create exists in the pthreads failed with the following output:
Change Dir: /home/swm/study/video/CMakeFiles/CMakeTmp

Run Build Command:"/usr/bin/make" "cmTC_ac20c/fast"
/usr/bin/make -f CMakeFiles/cmTC_ac20c.dir/build.make CMakeFiles/cmTC_ac20c.dir/build
make[1]: Entering directory `/home/swm/study/video/CMakeFiles/CMakeTmp'
Building C object CMakeFiles/cmTC_ac20c.dir/CheckFunctionExists.c.o
/usr/bin/cc    -fPIC -DCHECK_FUNCTION_EXISTS=pthread_create   -o CMakeFiles/cmTC_ac20c.dir/CheckFunctionExists.c.o   -c /usr/share/cmake-3.5/Modules/CheckFunctionExists.c
Linking C executable cmTC_ac20c
/usr/bin/cmake -E cmake_link_script CMakeFiles/cmTC_ac20c.dir/link.txt --verbose=1
/usr/bin/cc  -fPIC -DCHECK_FUNCTION_EXISTS=pthread_create    CMakeFiles/cmTC_ac20c.dir/CheckFunctionExists.c.o  -o cmTC_ac20c -rdynamic -lpthreads 
/usr/bin/ld: cannot find -lpthreads
collect2: error: ld returned 1 exit status
make[1]: *** [cmTC_ac20c] Error 1
make[1]: Leaving directory `/home/swm/study/video/CMakeFiles/CMakeTmp'
make: *** [cmTC_ac20c/fast] Error 2


